arpdig-0.5.6
bdftopcf-1.1_2
bdftopcf-1.1_2
boost-jam-1.68.0
boost-jam-1.68.0
bsdadminscripts-6.1.1_8
cuse4bsd-kmod-0.1.36
dialog4ports-0.1.6
e2fsprogs-libuuid-1.44.4
e2fsprogs-libuuid-1.44.4
eigen-3.3.5
eigen-3.3.5
fftw3-float-3.3.8_1
fftw3-float-3.3.8_1
freetype-1.3.1_5
freetype-1.3.1_5
gsfonts-8.11_8
gsfonts-8.11_8
hcidump-1.5.1
libdvdcss-1.4.2
libdvdcss-1.4.2
libfpx-1.3.1.10
libfpx-1.3.1.10
libsoxr-0.1.2.20160529_7
libsoxr-0.1.2.20160529_7
libssh-0.8.4
libssh-0.8.4
lsof-4.92.b_1,8
luajit-2.0.5_2
luajit-2.0.5_2
makedepend-1.0.5_2,1
makedepend-1.0.5_2,1
miniupnpc-2.1_1
miniupnpc-2.1_1
mixer-1.0
nasm-2.13.03,1
nasm-2.13.03,1
opengl-man-657.2
openslp-2.0.0_1
openslp-2.0.0_1
openssl111-1.1.1_1
pam_kde-1.0
pam_kde-1.0
pftop-0.7_8
pkg-1.10.5_5
pth-2.0.7_1
pth-2.0.7_1
radeontool-1.5
shared-desktop-ontologies-0.11.0
shared-desktop-ontologies-0.11.0
soundtouch-1.9.2_5
soundtouch-1.9.2_5
svgalib-1.4.3_7
svgalib-1.4.3_7
wallpapers-freebsd-kde4-1.0_1
wallpapers-freebsd-kde4-1.0_1
wmicons-1.0_2
wmicons-1.0_2
xcursor-themes-1.0.5_2
xcursor-themes-1.0.5_2
xorg-docs-1.7.1,1
xorg-docs-1.7.1,1
xorg-macros-1.19.2
xorg-macros-1.19.2
