graphics/aalib
ports-mgmt/bsdadminscripts
graphics/camerakit
devel/cvsps
devel/dotconf
multimedia/dvdauthor
java/eclipse-EPIC
devel/efivar
graphics/freeimage
devel/gamin
multimedia/gavl
lang/gnustep-base
x11-toolkits/gnustep-gui
comms/hcidump
java/intellij-fsnotifier
java/intellij-pty4j
devel/jna
multimedia/libdca
print/libijs
devel/liboil
x11/libsynaptics
graphics/libwmf
multimedia/libxine
math/metis
graphics/movit
graphics/opencv
graphics/opencv-core
graphics/opengl-man
multimedia/recordmydesktop
multimedia/schroedinger
graphics/swfdec
audio/timidity
misc/uk-postcodes
multimedia/vid.stab
sysutils/xfsprogs
multimedia/xine
