-----------------------------------------------------------------------------------------
-- Analyzing autoremove
-----------------------------------------------------------------------------------------
pkg autoremove -n | sort | uniq | egrep -v "(Checking int|Deinstallation has|Installed packages|Number of|The ope|^ |^$)"
       6 dependencies has 	accountsservice-0.6.40                            and        1 that requirest it.
       3 dependencies has 	adobe-cmaps-20051217_3                            and        1 that requirest it.
      35 dependencies has 	akonadi-18.08.1                                   and       32 that requirest it.
      35 dependencies has 	akonadi-calendar-18.08.1                          and        8 that requirest it.
      34 dependencies has 	akonadi-contacts-18.08.1                          and       21 that requirest it.
      43 dependencies has 	akonadi-import-wizard-18.08.1                     and        3 that requirest it.
      21 dependencies has 	akonadi-mime-18.08.1                              and       21 that requirest it.
       7 dependencies has 	akonadi-notes-18.08.1                             and        4 that requirest it.
      28 dependencies has 	akonadi-search-18.08.1                            and        8 that requirest it.
      59 dependencies has 	akonadiconsole-18.08.1                            and        1 that requirest it.
      54 dependencies has 	akregator-18.08.1                                 and        1 that requirest it.
      12 dependencies has 	analitza-18.08.1                                  and        2 that requirest it.
       2 dependencies has 	appres-1.0.5                                      and        0 that requirest it.
      36 dependencies has 	ark-18.08.1                                       and        1 that requirest it.
      31 dependencies has 	artikulate-18.08.1                                and        1 that requirest it.
       2 dependencies has 	attica-0.4.2_2,2                                  and        0 that requirest it.
      40 dependencies has 	audiocd-kio-18.08.1                               and        1 that requirest it.
       4 dependencies has 	autoconf-2.69_1                                   and        1 that requirest it.
       0 dependencies has 	autoconf-wrapper-20131203                         and        1 that requirest it.
       3 dependencies has 	automake-1.16.1                                   and        0 that requirest it.
       2 dependencies has 	automoc4-0.9.88_5                                 and        0 that requirest it.
      23 dependencies has 	baloo-widgets-18.08.1                             and        0 that requirest it.
       2 dependencies has 	bash-4.4.23                                       and        2 that requirest it.
       0 dependencies has 	bdftopcf-1.1_2                                    and        0 that requirest it.
       3 dependencies has 	bison-3.0.5,1                                     and        0 that requirest it.
       4 dependencies has 	bitmap-1.0.8_2                                    and        0 that requirest it.
       1 dependencies has 	blas-3.5.0_4                                      and        2 that requirest it.
      21 dependencies has 	blinken-18.08.1                                   and        1 that requirest it.
       0 dependencies has 	boehm-gc-7.6.8                                    and        1 that requirest it.
      23 dependencies has 	bomber-18.08.1                                    and        1 that requirest it.
       0 dependencies has 	boost-jam-1.68.0                                  and        0 that requirest it.
      25 dependencies has 	bovo-18.08.1                                      and        1 that requirest it.
       0 dependencies has 	brotli-1.0.6,1                                    and        1 that requirest it.
       4 dependencies has 	bullet-2.86.1_2                                   and        0 that requirest it.
       4 dependencies has 	cagibi-0.2.0_1                                    and        0 that requirest it.
      35 dependencies has 	calendarsupport-18.08.1                           and        6 that requirest it.
       3 dependencies has 	cantarell-fonts-0.0.25                            and        1 that requirest it.
      44 dependencies has 	cantor-18.08.1                                    and        1 that requirest it.
       1 dependencies has 	cblas-1.0_9                                       and        1 that requirest it.
       0 dependencies has 	cdparanoia-3.9.8_10                               and        1 that requirest it.
       0 dependencies has 	chmlib-0.40_1                                     and        1 that requirest it.
       2 dependencies has 	cln-1.3.4                                         and        3 that requirest it.
       6 dependencies has 	cmake-3.12.2                                      and        0 that requirest it.
       7 dependencies has 	consolekit2-1.2.0                                 and        3 that requirest it.
       2 dependencies has 	coreutils-8.30                                    and        1 that requirest it.
       1 dependencies has 	cracklib-2.9.6                                    and        1 that requirest it.
       0 dependencies has 	cuse4bsd-kmod-0.1.36                              and        0 that requirest it.
       9 dependencies has 	djvulibre-3.5.27_1                                and        1 that requirest it.
       0 dependencies has 	dmidecode-3.2                                     and        1 that requirest it.
       0 dependencies has 	dotconf-1.3_1                                     and        1 that requirest it.
       5 dependencies has 	doxygen-1.8.14,2                                  and        0 that requirest it.
      31 dependencies has 	dragon-player-18.08.1                             and        1 that requirest it.
       0 dependencies has 	e2fsprogs-libuuid-1.44.4                          and        0 that requirest it.
       2 dependencies has 	ebook-tools-0.2.2_4                               and        2 that requirest it.
       0 dependencies has 	eigen-3.3.5                                       and        0 that requirest it.
       3 dependencies has 	enchant-1.6.0_8                                   and        1 that requirest it.
       3 dependencies has 	enchant2-2.2.3_1                                  and        1 that requirest it.
       1 dependencies has 	espeak-1.48.04_5                                  and        1 that requirest it.
      34 dependencies has 	eventviews-18.08.1                                and        4 that requirest it.
       1 dependencies has 	exempi-2.2.2_1                                    and        0 that requirest it.
       2 dependencies has 	exiv2-0.26,1                                      and        4 that requirest it.
       0 dependencies has 	faad2-2.8.8,1                                     and        1 that requirest it.
       1 dependencies has 	ffms2-2.23_7                                      and        1 that requirest it.
       1 dependencies has 	fftw3-3.3.8_1                                     and        1 that requirest it.
       0 dependencies has 	fftw3-float-3.3.8_1                               and        0 that requirest it.
      27 dependencies has 	filelight-18.08.1                                 and        1 that requirest it.
       4 dependencies has 	font-adobe-100dpi-1.0.3_3                         and        2 that requirest it.
       4 dependencies has 	font-adobe-75dpi-1.0.3_3                          and        1 that requirest it.
       4 dependencies has 	font-adobe-utopia-100dpi-1.0.4_3                  and        1 that requirest it.
       4 dependencies has 	font-adobe-utopia-75dpi-1.0.4_3                   and        1 that requirest it.
       3 dependencies has 	font-adobe-utopia-type1-1.0.4_3                   and        1 that requirest it.
       0 dependencies has 	font-alias-1.0.3_3                                and        2 that requirest it.
       3 dependencies has 	font-arabic-misc-1.0.3_3                          and        1 that requirest it.
       4 dependencies has 	font-bh-100dpi-1.0.3_3                            and        1 that requirest it.
       4 dependencies has 	font-bh-75dpi-1.0.3_3                             and        1 that requirest it.
       4 dependencies has 	font-bh-lucidatypewriter-100dpi-1.0.3_3           and        1 that requirest it.
       4 dependencies has 	font-bh-lucidatypewriter-75dpi-1.0.3_3            and        1 that requirest it.
       3 dependencies has 	font-bh-type1-1.0.3_3                             and        1 that requirest it.
       3 dependencies has 	font-bitstream-100dpi-1.0.3_3                     and        1 that requirest it.
       3 dependencies has 	font-bitstream-75dpi-1.0.3_3                      and        1 that requirest it.
       3 dependencies has 	font-bitstream-type1-1.0.3_3                      and        1 that requirest it.
       3 dependencies has 	font-cronyx-cyrillic-1.0.3_3                      and        1 that requirest it.
       3 dependencies has 	font-cursor-misc-1.0.3_3                          and        1 that requirest it.
       3 dependencies has 	font-daewoo-misc-1.0.3_3                          and        1 that requirest it.
       3 dependencies has 	font-dec-misc-1.0.3_3                             and        1 that requirest it.
       3 dependencies has 	font-ibm-type1-1.0.3_3                            and        1 that requirest it.
       3 dependencies has 	font-isas-misc-1.0.3_3                            and        1 that requirest it.
       3 dependencies has 	font-jis-misc-1.0.3_3                             and        1 that requirest it.
       3 dependencies has 	font-micro-misc-1.0.3_3                           and        1 that requirest it.
       3 dependencies has 	font-misc-cyrillic-1.0.3_3                        and        1 that requirest it.
       4 dependencies has 	font-misc-misc-1.1.2_3                            and        2 that requirest it.
       3 dependencies has 	font-mutt-misc-1.0.3_3                            and        1 that requirest it.
       4 dependencies has 	font-schumacher-misc-1.1.2_3                      and        1 that requirest it.
       3 dependencies has 	font-screen-cyrillic-1.0.4_3                      and        1 that requirest it.
       3 dependencies has 	font-sony-misc-1.0.3_3                            and        1 that requirest it.
       3 dependencies has 	font-sun-misc-1.0.3_3                             and        1 that requirest it.
       3 dependencies has 	font-winitzki-cyrillic-1.0.3_3                    and        1 that requirest it.
       3 dependencies has 	font-xfree86-type1-1.0.4_3                        and        1 that requirest it.
      11 dependencies has 	fpc-x11-3.0.4_2                                   and        0 that requirest it.
       3 dependencies has 	freecell-solver-4.20.0_1                          and        1 that requirest it.
       0 dependencies has 	freetype-1.3.1_5                                  and        0 that requirest it.
       1 dependencies has 	frei0r-1.6.1                                      and        0 that requirest it.
       2 dependencies has 	gamin-0.1.10_9                                    and        1 that requirest it.
       0 dependencies has 	gcc-ecj-4.5                                       and        1 that requirest it.
       6 dependencies has 	gcc6-6.4.0_8                                      and        0 that requirest it.
       4 dependencies has 	geoclue-2.4.3                                     and        2 that requirest it.
       1 dependencies has 	getopt-1.1.6                                      and        2 that requirest it.
       2 dependencies has 	gettext-0.19.8.1                                  and        0 that requirest it.
       0 dependencies has 	gflags-2.2.1                                      and        2 that requirest it.
       6 dependencies has 	ghostscript9-agpl-x11-9.25                        and        1 that requirest it.
       9 dependencies has 	glib-networking-2.50.0_1                          and        2 that requirest it.
       1 dependencies has 	glog-0.3.5                                        and        1 that requirest it.
       2 dependencies has 	gmake-4.2.1_2                                     and        0 that requirest it.
       7 dependencies has 	gnome-doc-utils-0.20.10_5                         and        0 that requirest it.
       8 dependencies has 	gnome-icon-theme-3.12.0_1                         and        0 that requirest it.
       6 dependencies has 	gnome-icon-theme-symbolic-3.12.0                  and        1 that requirest it.
       2 dependencies has 	gpac-libgpac-0.5.0_2,1                            and        0 that requirest it.
       8 dependencies has 	gpsd-3.17                                         and        1 that requirest it.
      30 dependencies has 	granatier-18.08.1                                 and        1 that requirest it.
       3 dependencies has 	grantlee-0.5.1_1                                  and        0 that requirest it.
      50 dependencies has 	grantlee-editor-18.08.1                           and        1 that requirest it.
       3 dependencies has 	grantlee5-5.1.0_4                                 and       13 that requirest it.
      22 dependencies has 	grantleetheme-18.08.1                             and        8 that requirest it.
       4 dependencies has 	graphene-1.6.0_2                                  and        1 that requirest it.
      23 dependencies has 	graphviz-2.40.1_6                                 and        1 that requirest it.
       3 dependencies has 	gsettings-desktop-schemas-3.18.1                  and        2 that requirest it.
       0 dependencies has 	gsfonts-8.11_8                                    and        0 that requirest it.
       1 dependencies has 	gsl-2.5                                           and        1 that requirest it.
       4 dependencies has 	gstreamer-0.10.36_6                               and        1 that requirest it.
       7 dependencies has 	gstreamer-plugins-0.10.36_10,3                    and        0 that requirest it.
      12 dependencies has 	gstreamer1-plugins-gl-1.12.3                      and        1 that requirest it.
      14 dependencies has 	gstreamer1-qt5-1.2.0_13                           and        1 that requirest it.
       5 dependencies has 	gtk-engines2-2.20.2_3                             and        0 that requirest it.
      50 dependencies has 	gwenview-18.08.1                                  and        1 that requirest it.
       3 dependencies has 	hack-font-3.003                                   and        1 that requirest it.
       8 dependencies has 	hal-0.5.14_33                                     and        1 that requirest it.
       0 dependencies has 	hdf-szip-2.1_2                                    and        1 that requirest it.
       1 dependencies has 	hdf5-1.10.2                                       and        1 that requirest it.
       5 dependencies has 	hupnp-1.0.0_2                                     and        0 that requirest it.
       1 dependencies has 	i386-wine-devel-3.3,1                             and        0 that requirest it.
       1 dependencies has 	iceauth-1.0.8_2                                   and        1 that requirest it.
      29 dependencies has 	ImageMagick-6.9.9.28_2,1                          and        2 that requirest it.
      47 dependencies has 	incidenceeditor-18.08.1                           and        3 that requirest it.
       2 dependencies has 	intltool-0.51.0_1                                 and        0 that requirest it.
      28 dependencies has 	ja-kiten-18.08.1                                  and        1 that requirest it.
       5 dependencies has 	ja-tex-ptex-3.6_1                                 and        0 that requirest it.
       0 dependencies has 	java-zoneinfo-2018.e                              and        0 that requirest it.
       3 dependencies has 	json-glib-1.2.8                                   and        1 that requirest it.
       0 dependencies has 	jsoncpp-1.8.1_4                                   and        2 that requirest it.
      45 dependencies has 	kaddressbook-18.08.1                              and        1 that requirest it.
      59 dependencies has 	kalarm-18.08.1                                    and        1 that requirest it.
      41 dependencies has 	kalarmcal-18.08.1                                 and        3 that requirest it.
      30 dependencies has 	kalgebra-18.08.1                                  and        1 that requirest it.
      19 dependencies has 	kamera-18.08.1                                    and        1 that requirest it.
      31 dependencies has 	kanagram-18.08.1                                  and        1 that requirest it.
      25 dependencies has 	kapman-18.08.1                                    and        1 that requirest it.
      46 dependencies has 	kate-18.08.1                                      and        0 that requirest it.
      29 dependencies has 	katomic-18.08.1                                   and        1 that requirest it.
      27 dependencies has 	kblackbox-18.08.1                                 and        1 that requirest it.
      30 dependencies has 	kblocks-18.08.1                                   and        1 that requirest it.
      14 dependencies has 	kblog-18.08.1                                     and        1 that requirest it.
      32 dependencies has 	kbounce-18.08.1                                   and        1 that requirest it.
      28 dependencies has 	kbreakout-18.08.1                                 and        1 that requirest it.
      17 dependencies has 	kbruch-18.08.1                                    and        1 that requirest it.
      21 dependencies has 	kcalc-18.08.1                                     and        1 that requirest it.
      10 dependencies has 	kcalcore-18.08.1                                  and       20 that requirest it.
      17 dependencies has 	kcalutils-18.08.1                                 and       12 that requirest it.
      18 dependencies has 	kcharselect-18.08.1                               and        1 that requirest it.
      15 dependencies has 	kcolorchooser-18.08.1                             and        1 that requirest it.
       9 dependencies has 	kcontacts-18.08.1                                 and       27 that requirest it.
      22 dependencies has 	kcron-18.08.1                                     and        1 that requirest it.
      13 dependencies has 	kdav-18.08.1                                      and        2 that requirest it.
       2 dependencies has 	kdeadmin-18.08.1                                  and        0 that requirest it.
      18 dependencies has 	kdebugsettings-18.08.1                            and        1 that requirest it.
      18 dependencies has 	kdeedu-18.08.1                                    and        0 that requirest it.
      28 dependencies has 	kdegames-18.08.1                                  and        0 that requirest it.
      10 dependencies has 	kdegraphics-18.08.1                               and        0 that requirest it.
      12 dependencies has 	kdegraphics-mobipocket-18.08.1                    and        2 that requirest it.
      24 dependencies has 	kdegraphics-svgpart-18.08.1                       and        1 that requirest it.
      14 dependencies has 	kdegraphics-thumbnailers-18.08.1                  and        1 that requirest it.
       4 dependencies has 	kdemultimedia-18.08.1                             and        0 that requirest it.
      15 dependencies has 	kdemultimedia-ffmpegthumbs-18.08.1                and        1 that requirest it.
       3 dependencies has 	kdenetwork-18.08.1                                and        0 that requirest it.
      15 dependencies has 	kdenetwork-filesharing-18.08.1                    and        1 that requirest it.
      51 dependencies has 	kdepim-18.08.1                                    and        0 that requirest it.
      76 dependencies has 	kdepim-addons-18.08.1                             and        1 that requirest it.
      42 dependencies has 	kdepim-apps-libs-18.08.1                          and       11 that requirest it.
      74 dependencies has 	kdepim-runtime-18.08.1                            and        5 that requirest it.
      12 dependencies has 	kdeutils-18.08.1                                  and        0 that requirest it.
      23 dependencies has 	kdf-18.08.1                                       and        1 that requirest it.
       8 dependencies has 	kdiagram-2.6.0                                    and        2 that requirest it.
      36 dependencies has 	kdialog-18.08.1                                   and        0 that requirest it.
      26 dependencies has 	kdiamond-18.08.1                                  and        1 that requirest it.
      25 dependencies has 	kf5-baloo-5.50.0                                  and        4 that requirest it.
       3 dependencies has 	kf5-breeze-icons-5.50.0                           and        2 that requirest it.
      22 dependencies has 	kf5-frameworkintegration-5.50.0                   and        2 that requirest it.
      26 dependencies has 	kf5-kactivities-5.50.0                            and       13 that requirest it.
       8 dependencies has 	kf5-kactivities-stats-5.50.0                      and        2 that requirest it.
      23 dependencies has 	kf5-kcmutils-5.50.0                               and       33 that requirest it.
      15 dependencies has 	kf5-kdesu-5.50.0                                  and        3 that requirest it.
      11 dependencies has 	kf5-kfilemetadata-5.50.0                          and        5 that requirest it.
      10 dependencies has 	kf5-kholidays-5.50.0                              and        6 that requirest it.
      41 dependencies has 	kf5-khtml-5.50.0                                  and        9 that requirest it.
      12 dependencies has 	kf5-kidletime-5.50.0                              and        7 that requirest it.
       8 dependencies has 	kf5-kimageformats-5.50.0_1                        and        1 that requirest it.
      14 dependencies has 	kf5-kirigami2-5.50.0                              and        4 that requirest it.
       4 dependencies has 	kf5-kjs-5.50.0                                    and        9 that requirest it.
      13 dependencies has 	kf5-kjsembed-5.50.0                               and        1 that requirest it.
      15 dependencies has 	kf5-kpeople-5.50.0                                and        1 that requirest it.
      31 dependencies has 	kf5-kross-5.50.0                                  and        4 that requirest it.
      17 dependencies has 	kf5-krunner-5.50.0                                and        6 that requirest it.
      32 dependencies has 	kf5-ktexteditor-5.50.0                            and       10 that requirest it.
       8 dependencies has 	kf5-kwayland-5.50.0                               and       11 that requirest it.
      11 dependencies has 	kf5-kxmlrpcclient-5.50.0                          and        3 that requirest it.
       0 dependencies has 	kf5-oxygen-icons5-5.50.0                          and        1 that requirest it.
      45 dependencies has 	kf5-plasma-framework-5.50.0                       and       17 that requirest it.
       7 dependencies has 	kf5-prison-5.50.0                                 and        4 that requirest it.
      10 dependencies has 	kf5-syndication-5.50.0,1                          and        3 that requirest it.
       6 dependencies has 	kf5-syntax-highlighting-5.50.0                    and        8 that requirest it.
       6 dependencies has 	kf5-threadweaver-5.50.0                           and        3 that requirest it.
      23 dependencies has 	kfloppy-18.08.1                                   and        1 that requirest it.
      31 dependencies has 	kfourinline-18.08.1                               and        1 that requirest it.
      20 dependencies has 	kgeography-18.08.1                                and        1 that requirest it.
      38 dependencies has 	kgpg-18.08.1                                      and        1 that requirest it.
      29 dependencies has 	khangman-18.08.1                                  and        1 that requirest it.
      39 dependencies has 	khelpcenter-18.08.1                               and        0 that requirest it.
      26 dependencies has 	kidentitymanagement-18.08.1                       and       20 that requirest it.
      37 dependencies has 	kig-18.08.1                                       and        1 that requirest it.
      27 dependencies has 	killbots-18.08.1                                  and        1 that requirest it.
      13 dependencies has 	kimap-18.08.1                                     and        5 that requirest it.
      26 dependencies has 	kiriki-18.08.1                                    and        1 that requirest it.
      11 dependencies has 	kitinerary-18.08.1                                and        2 that requirest it.
      31 dependencies has 	kjumpingcube-18.08.1                              and        1 that requirest it.
      16 dependencies has 	kldap-18.08.1                                     and        8 that requirest it.
      28 dependencies has 	klettres-18.08.1                                  and        1 that requirest it.
      31 dependencies has 	klickety-18.08.1                                  and        1 that requirest it.
      28 dependencies has 	klines-18.08.1                                    and        1 that requirest it.
      27 dependencies has 	kmahjongg-18.08.1                                 and        1 that requirest it.
      78 dependencies has 	kmail-18.08.1                                     and        1 that requirest it.
      46 dependencies has 	kmail-account-wizard-18.08.1                      and        2 that requirest it.
      27 dependencies has 	kmailtransport-18.08.1                            and       15 that requirest it.
       5 dependencies has 	kmbox-18.08.1                                     and        4 that requirest it.
      11 dependencies has 	kmime-18.08.1                                     and       33 that requirest it.
      25 dependencies has 	kmines-18.08.1                                    and        1 that requirest it.
      31 dependencies has 	kmix-18.08.1                                      and        1 that requirest it.
      39 dependencies has 	kmplot-18.08.1                                    and        1 that requirest it.
      26 dependencies has 	knavalbattle-18.08.1                              and        1 that requirest it.
      29 dependencies has 	knetwalk-18.08.1                                  and        1 that requirest it.
      38 dependencies has 	kolf-18.08.1                                      and        1 that requirest it.
      27 dependencies has 	kollision-18.08.1                                 and        1 that requirest it.
      39 dependencies has 	kolourpaint-18.08.1                               and        1 that requirest it.
      55 dependencies has 	konqueror-18.08.1                                 and        0 that requirest it.
      38 dependencies has 	kontact-18.08.1                                   and        1 that requirest it.
      30 dependencies has 	kontactinterface-18.08.1                          and        7 that requirest it.
      65 dependencies has 	korganizer-18.08.1                                and        1 that requirest it.
      36 dependencies has 	kpat-18.08.1                                      and        1 that requirest it.
      31 dependencies has 	kpimtextedit-18.08.1                              and       26 that requirest it.
       7 dependencies has 	kpkpass-18.08.1                                   and        3 that requirest it.
      27 dependencies has 	krdc-18.08.1                                      and        1 that requirest it.
      32 dependencies has 	krfb-18.08.1                                      and        1 that requirest it.
      21 dependencies has 	kruler-18.08.1                                    and        1 that requirest it.
      28 dependencies has 	kshisen-18.08.1                                   and        1 that requirest it.
      28 dependencies has 	ksirk-18.08.1                                     and        1 that requirest it.
      10 dependencies has 	ksmtp-18.08.1                                     and        2 that requirest it.
      27 dependencies has 	ksquares-18.08.1                                  and        1 that requirest it.
      28 dependencies has 	ksystemlog-18.08.1                                and        1 that requirest it.
      22 dependencies has 	kteatime-18.08.1                                  and        1 that requirest it.
      24 dependencies has 	ktimer-18.08.1                                    and        1 that requirest it.
      13 dependencies has 	ktnef-18.08.1                                     and        3 that requirest it.
      47 dependencies has 	ktuberling-18.08.1                                and        1 that requirest it.
      29 dependencies has 	kturtle-18.08.1                                   and        1 that requirest it.
      34 dependencies has 	kwalletmanager-18.08.1                            and        1 that requirest it.
      44 dependencies has 	kwordquiz-18.08.1                                 and        1 that requirest it.
       0 dependencies has 	l-smash-2.14.5                                    and        1 that requirest it.
       2 dependencies has 	lapack-3.5.0_5                                    and        2 that requirest it.
       2 dependencies has 	lcms-1.19_6,1                                     and        2 that requirest it.
       6 dependencies has 	ldb-1.1.29_2                                      and        1 that requirest it.
       6 dependencies has 	leptonica-1.76.0                                  and        1 that requirest it.
       3 dependencies has 	libarchive-3.3.2_1,1                              and        3 that requirest it.
       1 dependencies has 	libatomic_ops-7.6.4                               and        0 that requirest it.
       0 dependencies has 	libcddb-1.3.2_4                                   and        2 that requirest it.
       2 dependencies has 	libcdio-2.0.0                                     and        1 that requirest it.
       1 dependencies has 	libcdio-paranoia-10.2+0.94+2                      and        0 that requirest it.
       1 dependencies has 	libdmtx-0.7.4_10                                  and        1 that requirest it.
       2 dependencies has 	libdmx-1.1.4_2                                    and        2 that requirest it.
       0 dependencies has 	libdvbpsi-1.3.0                                   and        1 that requirest it.
       0 dependencies has 	libdvdcss-1.4.1                                   and        0 that requirest it.
       0 dependencies has 	libebml-1.3.6                                     and        1 that requirest it.
       0 dependencies has 	libepoll-shim-0.0.20161220                        and        2 that requirest it.
       1 dependencies has 	libevdev-1.4.4                                    and        3 that requirest it.
       1 dependencies has 	libexif-0.6.21_4                                  and        1 that requirest it.
       0 dependencies has 	libfpx-1.3.1.10                                   and        0 that requirest it.
       0 dependencies has 	libFS-1.0.7_2                                     and        1 that requirest it.
       6 dependencies has 	libgd-2.2.5,1                                     and        3 that requirest it.
       2 dependencies has 	libgit2-0.27.4                                    and        2 that requirest it.
       8 dependencies has 	libglade2-2.6.4_9                                 and        1 that requirest it.
       4 dependencies has 	libgnome-keyring-3.12.0_2                         and        0 that requirest it.
       6 dependencies has 	libgphoto2-2.5.16                                 and        1 that requirest it.
      20 dependencies has 	libgravatar-18.08.1                               and        4 that requirest it.
       3 dependencies has 	libgudev-230_1                                    and        1 that requirest it.
       3 dependencies has 	libical-2.0.0_6                                   and        5 that requirest it.
       5 dependencies has 	libinput-1.6.0                                    and        3 that requirest it.
       0 dependencies has 	libiodbc-3.52.12                                  and        1 that requirest it.
      19 dependencies has 	libkcddb-18.08.1                                  and        1 that requirest it.
      12 dependencies has 	libkcompactdisc-18.08.1                           and        1 that requirest it.
       8 dependencies has 	libkdcraw-18.08.1                                 and        3 that requirest it.
      35 dependencies has 	libkdepim-18.08.1                                 and       19 that requirest it.
      11 dependencies has 	libkeduvocdocument-18.08.1                        and        4 that requirest it.
       4 dependencies has 	libkexiv2-18.08.1                                 and        4 that requirest it.
      47 dependencies has 	libkgapi-18.08.1                                  and        4 that requirest it.
      18 dependencies has 	libkipi-18.08.1                                   and        2 that requirest it.
      19 dependencies has 	libkleo-18.08.1                                   and       13 that requirest it.
      12 dependencies has 	libkmahjongg-18.08.1                              and        2 that requirest it.
       3 dependencies has 	libkolabxml-1.1.6_8                               and        1 that requirest it.
      13 dependencies has 	libksane-18.08.1                                  and        2 that requirest it.
      45 dependencies has 	libksieve-18.08.1                                 and        4 that requirest it.
       2 dependencies has 	liblqr-1-0.4.2                                    and        1 that requirest it.
       0 dependencies has 	libmad-0.15.1b_6                                  and        1 that requirest it.
       1 dependencies has 	libmatroska-1.4.9                                 and        1 that requirest it.
       2 dependencies has 	libmng-1.0.10_3                                   and        0 that requirest it.
       0 dependencies has 	libmpeg2-0.5.1_6                                  and        1 that requirest it.
       1 dependencies has 	libmtdev-1.1.5                                    and        2 that requirest it.
       1 dependencies has 	libmtp-1.1.15                                     and        0 that requirest it.
       2 dependencies has 	libmusicbrainz5-5.1.0_1                           and        1 that requirest it.
       3 dependencies has 	libnotify-0.7.7_1                                 and        1 that requirest it.
       1 dependencies has 	liboldX-1.0.1_3                                   and        1 that requirest it.
       0 dependencies has 	libpotrace-1.12                                   and        1 that requirest it.
       0 dependencies has 	libproxy-0.4.15                                   and        1 that requirest it.
       3 dependencies has 	libpwquality-1.4.0                                and        1 that requirest it.
       7 dependencies has 	libqalculate-2.6.1                                and        3 that requirest it.
       1 dependencies has 	libqrencode-4.0.0                                 and        1 that requirest it.
       2 dependencies has 	libraw-0.18.13_1                                  and        2 that requirest it.
       4 dependencies has 	libsecret-0.18.6                                  and        2 that requirest it.
       6 dependencies has 	libsoup-2.54.1                                    and        4 that requirest it.
       7 dependencies has 	libsoup-gnome-2.54.1                              and        0 that requirest it.
       0 dependencies has 	libsoxr-0.1.2.20160529_7                          and        0 that requirest it.
       2 dependencies has 	libspectre-0.2.8                                  and        2 that requirest it.
       0 dependencies has 	libsrtp-1.6.0_1                                   and        1 that requirest it.
       0 dependencies has 	libssh-0.7.5                                      and        0 that requirest it.
       0 dependencies has 	libssh2-1.8.0,3                                   and        1 that requirest it.
       5 dependencies has 	libstreamanalyzer-0.7.8_12                        and        0 that requirest it.
       0 dependencies has 	libstreams-0.7.8_2                                and        1 that requirest it.
       0 dependencies has 	libsunacl-1.0.1                                   and        1 that requirest it.
       2 dependencies has 	libtool-2.4.6                                     and        0 that requirest it.
       1 dependencies has 	libudev-devd-0.3                                  and        3 that requirest it.
       0 dependencies has 	libuv-1.23.1                                      and        1 that requirest it.
       2 dependencies has 	libvncserver-0.9.11_2                             and        2 that requirest it.
       0 dependencies has 	libvolume_id-0.81.1                               and        1 that requirest it.
       3 dependencies has 	libwacom-0.23_1                                   and        1 that requirest it.
       5 dependencies has 	libwmf-0.2.8.4_15                                 and        1 that requirest it.
      13 dependencies has 	libwraster-0.95.8                                 and        0 that requirest it.
       2 dependencies has 	libXevie-1.0.3_5                                  and        1 that requirest it.
       2 dependencies has 	libXfont2-2.0.3_2                                 and        1 that requirest it.
       3 dependencies has 	libxkbui-1.0.2_6                                  and        1 that requirest it.
       2 dependencies has 	libXres-1.2.0_2                                   and        2 that requirest it.
       3 dependencies has 	libXTrap-1.0.1_5                                  and        1 that requirest it.
       2 dependencies has 	libXxf86dga-1.1.4_5                               and        4 that requirest it.
       2 dependencies has 	libXxf86misc-1.0.4_2                              and        2 that requirest it.
       0 dependencies has 	libzip-1.5.1                                      and        2 that requirest it.
       0 dependencies has 	liveMedia-2018.02.28,2                            and        1 that requirest it.
       0 dependencies has 	lmdb-0.9.22_2,1                                   and        1 that requirest it.
       1 dependencies has 	lua52-5.2.4                                       and        6 that requirest it.
       1 dependencies has 	lua52-bitop-1.0.2_1                               and        0 that requirest it.
       2 dependencies has 	lua52-json-1.3.4                                  and        0 that requirest it.
       1 dependencies has 	lua52-lpeg-1.0.1_1                                and        1 that requirest it.
       2 dependencies has 	lua52-luaexpat-1.3.0_4                            and        0 that requirest it.
       1 dependencies has 	lua52-luasocket-3.0.r1_3,1                        and        0 that requirest it.
       0 dependencies has 	luajit-2.0.5_2                                    and        0 that requirest it.
       2 dependencies has 	luit-1.1.1_1                                      and        0 that requirest it.
       0 dependencies has 	lzo2-2.10_1                                       and        1 that requirest it.
       1 dependencies has 	m4-1.4.18,1                                       and        4 that requirest it.
      55 dependencies has 	mailcommon-18.08.1                                and        7 that requirest it.
      18 dependencies has 	mailimporter-18.08.1                              and        5 that requirest it.
       0 dependencies has 	makedepend-1.0.5_2,1                              and        0 that requirest it.
      46 dependencies has 	marble-18.08.1                                    and        1 that requirest it.
      37 dependencies has 	mbox-importer-18.08.1                             and        2 that requirest it.
      66 dependencies has 	messagelib-18.08.1                                and       10 that requirest it.
       0 dependencies has 	metis-5.1.0_5                                     and        1 that requirest it.
       0 dependencies has 	miniupnpc-2.1_1                                   and        0 that requirest it.
       4 dependencies has 	mysql56-client-5.6.41                             and        2 that requirest it.
       5 dependencies has 	mysql56-server-5.6.41                             and        1 that requirest it.
       0 dependencies has 	nasm-2.13.03,1                                    and        0 that requirest it.
       3 dependencies has 	neon-0.30.2_1                                     and        1 that requirest it.
       1 dependencies has 	ninja-1.8.2,2                                     and        0 that requirest it.
       3 dependencies has 	noto-lite-1.0.5_2                                 and        1 that requirest it.
      60 dependencies has 	okular-18.08.1                                    and        0 that requirest it.
      15 dependencies has 	open-motif-2.3.8                                  and        1 that requirest it.
       1 dependencies has 	openblas-0.2.20_3,1                               and        1 that requirest it.
      13 dependencies has 	opencv-3.4.1_5                                    and        1 that requirest it.
       3 dependencies has 	openjpeg15-1.5.2_1                                and        1 that requirest it.
       0 dependencies has 	openslp-2.0.0_1                                   and        0 that requirest it.
       0 dependencies has 	openssl-1.0.2p_1,1                                and        0 that requirest it.
       1 dependencies has 	p5-IO-Socket-IP-0.39                              and        0 that requirest it.
       2 dependencies has 	p5-Locale-gettext-1.07                            and        0 that requirest it.
       1 dependencies has 	p5-MIME-Base64-3.15                               and        0 that requirest it.
       1 dependencies has 	p5-Socket-2.027                                   and        0 that requirest it.
       2 dependencies has 	p5-XML-Parser-2.44                                and        1 that requirest it.
       0 dependencies has 	pam_kde-1.0                                       and        0 that requirest it.
      44 dependencies has 	parley-18.08.1                                    and        1 that requirest it.
      30 dependencies has 	picmi-18.08.1                                     and        1 that requirest it.
      47 dependencies has 	pim-data-exporter-18.08.1                         and        1 that requirest it.
      26 dependencies has 	pim-sieve-editor-18.08.1                          and        1 that requirest it.
      47 dependencies has 	pimcommon-18.08.1                                 and       21 that requirest it.
       0 dependencies has 	pkgconf-1.4.2,1                                   and        1 that requirest it.
      28 dependencies has 	plasma5-breeze-5.12.5_1                           and        4 that requirest it.
       5 dependencies has 	plasma5-breeze-gtk-5.12.5                         and        1 that requirest it.
      42 dependencies has 	plasma5-discover-5.12.5_1                         and        1 that requirest it.
      24 dependencies has 	plasma5-drkonqi-5.12.5                            and        2 that requirest it.
      23 dependencies has 	plasma5-kactivitymanagerd-5.12.5_1                and        3 that requirest it.
      46 dependencies has 	plasma5-kde-cli-tools-5.12.5_1                    and        2 that requirest it.
      36 dependencies has 	plasma5-kde-gtk-config-5.12.5_1                   and        1 that requirest it.
       4 dependencies has 	plasma5-kdecoration-5.12.5_1                      and        4 that requirest it.
      55 dependencies has 	plasma5-kdeplasma-addons-5.12.5_1                 and        1 that requirest it.
      44 dependencies has 	plasma5-kgamma5-5.12.5                            and        1 that requirest it.
      45 dependencies has 	plasma5-khotkeys-5.12.5_1                         and        2 that requirest it.
      51 dependencies has 	plasma5-kinfocenter-5.12.5_1                      and        2 that requirest it.
      39 dependencies has 	plasma5-kmenuedit-5.12.5_1                        and        2 that requirest it.
      22 dependencies has 	plasma5-kscreen-5.12.5                            and        1 that requirest it.
      47 dependencies has 	plasma5-kscreenlocker-5.12.5_1                    and        3 that requirest it.
      10 dependencies has 	plasma5-ksshaskpass-5.12.5_1                      and        1 that requirest it.
      34 dependencies has 	plasma5-ksysguard-5.12.5_1                        and        2 that requirest it.
       4 dependencies has 	plasma5-kwallet-pam-5.12.5_1                      and        1 that requirest it.
       9 dependencies has 	plasma5-kwayland-integration-5.12.5_1             and        1 that requirest it.
      73 dependencies has 	plasma5-kwin-5.12.5_1                             and        2 that requirest it.
      11 dependencies has 	plasma5-kwrited-5.12.5_1                          and        1 that requirest it.
      10 dependencies has 	plasma5-libkscreen-5.12.5_1                       and        4 that requirest it.
      23 dependencies has 	plasma5-libksysguard-5.12.5_1                     and        3 that requirest it.
      19 dependencies has 	plasma5-milou-5.12.5_1                            and        2 that requirest it.
      27 dependencies has 	plasma5-oxygen-5.12.5_1                           and        1 that requirest it.
      34 dependencies has 	plasma5-plasma-5.12.5                             and        0 that requirest it.
      91 dependencies has 	plasma5-plasma-desktop-5.12.5_3                   and        1 that requirest it.
      37 dependencies has 	plasma5-plasma-integration-5.12.5_1               and        2 that requirest it.
      40 dependencies has 	plasma5-plasma-sdk-5.12.5_1                       and        1 that requirest it.
     111 dependencies has 	plasma5-plasma-workspace-5.12.5_4                 and        5 that requirest it.
       1 dependencies has 	plasma5-plasma-workspace-wallpapers-5.12.5        and        1 that requirest it.
      16 dependencies has 	plasma5-polkit-kde-agent-1-5.12.5_1               and        2 that requirest it.
      48 dependencies has 	plasma5-powerdevil-5.12.5_2                       and        1 that requirest it.
      40 dependencies has 	plasma5-systemsettings-5.12.5_1                   and        2 that requirest it.
      41 dependencies has 	plasma5-user-manager-5.12.5_2                     and        1 that requirest it.
       5 dependencies has 	policykit-0.9_10                                  and        1 that requirest it.
      14 dependencies has 	poppler-glib-0.57.0_1                             and        0 that requirest it.
      15 dependencies has 	poppler-qt5-0.57.0_1                              and        2 that requirest it.
       1 dependencies has 	popt-1.16_2                                       and        2 that requirest it.
       0 dependencies has 	portaudio-19.6.0,1                                and        1 that requirest it.
      29 dependencies has 	print-manager-18.08.1                             and        1 that requirest it.
       0 dependencies has 	pth-2.0.7_1                                       and        0 that requirest it.
       2 dependencies has 	py27-alabaster-0.7.6                              and        1 that requirest it.
       2 dependencies has 	py27-asn1crypto-0.22.0                            and        1 that requirest it.
       3 dependencies has 	py27-Babel-2.6.0                                  and        2 that requirest it.
       2 dependencies has 	py27-boost-libs-1.68.0_1                          and        1 that requirest it.
       3 dependencies has 	py27-cairo-1.14.1                                 and        4 that requirest it.
       2 dependencies has 	py27-certifi-2018.4.16                            and        2 that requirest it.
       4 dependencies has 	py27-cffi-1.11.5                                  and        1 that requirest it.
       2 dependencies has 	py27-chardet-3.0.4                                and        1 that requirest it.
       8 dependencies has 	py27-cryptography-2.3                             and        2 that requirest it.
       3 dependencies has 	py27-dateutil-2.7.3                               and        0 that requirest it.
       4 dependencies has 	py27-dbus-1.2.0_1                                 and        1 that requirest it.
       2 dependencies has 	py27-dnspython-1.15.0                             and        1 that requirest it.
       2 dependencies has 	py27-docutils-0.14_3                              and        1 that requirest it.
       2 dependencies has 	py27-enum34-1.1.6                                 and        1 that requirest it.
       6 dependencies has 	py27-gobject-2.28.6_8                             and        1 that requirest it.
       7 dependencies has 	py27-gobject3-3.18.2                              and        1 that requirest it.
      10 dependencies has 	py27-gtk2-2.24.0_5                                and        0 that requirest it.
       4 dependencies has 	py27-html5lib-1.0.1                               and        1 that requirest it.
       2 dependencies has 	py27-idna-2.7                                     and        3 that requirest it.
       2 dependencies has 	py27-imagesize-0.7.1                              and        1 that requirest it.
       2 dependencies has 	py27-ipaddress-1.0.22                             and        2 that requirest it.
       2 dependencies has 	py27-iso8601-0.1.11                               and        1 that requirest it.
       3 dependencies has 	py27-isodate-0.6.0                                and        1 that requirest it.
       4 dependencies has 	py27-Jinja2-2.10                                  and        1 that requirest it.
       4 dependencies has 	py27-libxml2-2.9.7                                and        1 that requirest it.
       2 dependencies has 	py27-MarkupSafe-1.0                               and        1 that requirest it.
       2 dependencies has 	py27-nose-1.3.7                                   and        0 that requirest it.
       7 dependencies has 	py27-numpy-1.15.0,1                               and        0 that requirest it.
       4 dependencies has 	py27-openssl-17.5.0_1                             and        1 that requirest it.
       2 dependencies has 	py27-pycparser-2.18                               and        1 that requirest it.
       2 dependencies has 	py27-pygments-2.2.0                               and        1 that requirest it.
       2 dependencies has 	py27-pyparsing-2.2.1                              and        1 that requirest it.
       2 dependencies has 	py27-pysocks-1.6.8                                and        1 that requirest it.
       2 dependencies has 	py27-pystemmer-1.3.0_2                            and        1 that requirest it.
       2 dependencies has 	py27-pytz-2018.5,1                                and        1 that requirest it.
       3 dependencies has 	py27-qt4-dbussupport-4.12.1                       and        0 that requirest it.
       6 dependencies has 	py27-rdflib-4.2.2                                 and        0 that requirest it.
       6 dependencies has 	py27-requests-2.18.4_1                            and        1 that requirest it.
       1 dependencies has 	py27-setuptools-40.0.0                            and       42 that requirest it.
       1 dependencies has 	py27-sip-4.19.8,1                                 and        0 that requirest it.
       2 dependencies has 	py27-six-1.11.0                                   and        6 that requirest it.
       3 dependencies has 	py27-snowballstemmer-1.2.0_1                      and        1 that requirest it.
       2 dependencies has 	py27-sparqlwrapper-1.8.2                          and        1 that requirest it.
       2 dependencies has 	py27-sphinx_rtd_theme-0.4.0                       and        1 that requirest it.
      15 dependencies has 	py27-sphinx-1.6.5_1,1                             and        0 that requirest it.
       2 dependencies has 	py27-sphinxcontrib-websupport-1.0.1               and        1 that requirest it.
       2 dependencies has 	py27-typing-3.6.4                                 and        1 that requirest it.
       8 dependencies has 	py27-urllib3-1.22,1                               and        1 that requirest it.
       2 dependencies has 	py27-webencodings-0.5.1                           and        1 that requirest it.
       3 dependencies has 	py36-cairo-1.14.1                                 and        1 that requirest it.
       7 dependencies has 	py36-gobject3-3.18.2                              and        1 that requirest it.
       2 dependencies has 	py36-random2-1.0.1                                and        1 that requirest it.
       1 dependencies has 	py36-setuptools-40.0.0                            and        3 that requirest it.
       2 dependencies has 	py36-six-1.11.0                                   and        1 that requirest it.
       1 dependencies has 	pydbus-common-1.2.0_2                             and        1 that requirest it.
       2 dependencies has 	pygobject3-common-3.18.2                          and        2 that requirest it.
       2 dependencies has 	python-2.7_3,2                                    and        0 that requirest it.
       1 dependencies has 	python2-2_3                                       and        1 that requirest it.
       3 dependencies has 	python36-3.6.6_1                                  and        8 that requirest it.
       3 dependencies has 	qca-qt5-2.1.3_1                                   and        2 that requirest it.
       4 dependencies has 	qt4-dbus-4.8.7_1                                  and        3 that requirest it.
       5 dependencies has 	qt4-iconengines-4.8.7_2                           and        0 that requirest it.
       3 dependencies has 	qt4-inputmethods-4.8.7_2                          and        0 that requirest it.
       3 dependencies has 	qt4-libQtAssistantClient-4.6.3_2                  and        0 that requirest it.
       1 dependencies has 	qt4-moc-4.8.7_2                                   and        1 that requirest it.
       3 dependencies has 	qt4-network-4.8.7_3                               and        6 that requirest it.
       5 dependencies has 	qt4-opengl-4.8.7_3                                and        0 that requirest it.
       2 dependencies has 	qt4-script-4.8.7_3                                and        1 that requirest it.
       3 dependencies has 	qt4-svg-4.8.7_2                                   and        2 that requirest it.
       3 dependencies has 	qt4-xmlpatterns-4.8.7_2                           and        0 that requirest it.
       5 dependencies has 	qt5-graphicaleffects-5.11.2                       and        2 that requirest it.
      18 dependencies has 	qt5-multimedia-5.11.2                             and        4 that requirest it.
       4 dependencies has 	qt5-qdbus-5.11.2                                  and        1 that requirest it.
       2 dependencies has 	qt5-qtpaths-5.11.2                                and        1 that requirest it.
       6 dependencies has 	qt5-quickcontrols-5.11.2                          and        1 that requirest it.
       6 dependencies has 	qt5-quickcontrols2-5.11.2                         and        3 that requirest it.
       4 dependencies has 	qt5-speech-5.11.2                                 and        5 that requirest it.
       4 dependencies has 	qt5-sqldrivers-mysql-5.11.2                       and        1 that requirest it.
       9 dependencies has 	qt5-virtualkeyboard-5.11.2                        and        1 that requirest it.
      43 dependencies has 	qt5-webengine-5.9.5_8                             and       14 that requirest it.
       1 dependencies has 	quazip-qt5-0.7.3_1                                and        1 that requirest it.
       2 dependencies has 	qwt5-5.2.3                                        and        0 that requirest it.
       7 dependencies has 	rarian-0.8.1_4                                    and        1 that requirest it.
       0 dependencies has 	re2-20180901                                      and        1 that requirest it.
       0 dependencies has 	rhash-1.3.5                                       and        1 that requirest it.
      39 dependencies has 	rocs-18.08.1                                      and        1 that requirest it.
      16 dependencies has 	samba46-4.6.16                                    and        0 that requirest it.
       4 dependencies has 	sane-backends-1.0.27_3                            and        1 that requirest it.
       1 dependencies has 	schroedinger-1.0.11_4                             and        0 that requirest it.
       3 dependencies has 	scons-3.0.1                                       and        0 that requirest it.
       1 dependencies has 	sessreg-1.1.1                                     and        0 that requirest it.
       2 dependencies has 	setxkbmap-1.3.1                                   and        0 that requirest it.
       0 dependencies has 	shared-desktop-ontologies-0.11.0                  and        0 that requirest it.
       1 dependencies has 	silgraphite-2.3.1_4                               and        0 that requirest it.
      24 dependencies has 	skanlite-2.1.0.1                                  and        1 that requirest it.
       2 dependencies has 	smproxy-1.0.6                                     and        0 that requirest it.
       0 dependencies has 	snappy-1.1.6                                      and        1 that requirest it.
       7 dependencies has 	soprano-2.9.4_2                                   and        0 that requirest it.
       0 dependencies has 	soundtouch-1.9.2_5                                and        0 that requirest it.
      41 dependencies has 	spectacle-18.08.1                                 and        1 that requirest it.
       7 dependencies has 	speech-dispatcher-0.8.6                           and        1 that requirest it.
       2 dependencies has 	speex-1.2.0,1                                     and        1 that requirest it.
       0 dependencies has 	speexdsp-1.2.r3_1                                 and        1 that requirest it.
      50 dependencies has 	step-18.08.1                                      and        1 that requirest it.
       4 dependencies has 	suitesparse-5.2.0_1                               and        1 that requirest it.
       0 dependencies has 	svgalib-1.4.3_7                                   and        0 that requirest it.
       1 dependencies has 	t1lib-5.1.2_4,1                                   and        1 that requirest it.
       0 dependencies has 	taglib-1.11.1_1                                   and        2 that requirest it.
       1 dependencies has 	talloc-2.1.14                                     and        3 that requirest it.
       1 dependencies has 	tdb-1.3.16,1                                      and        2 that requirest it.
       1 dependencies has 	teckit-2.5.7                                      and        2 that requirest it.
       8 dependencies has 	tesseract-3.05.02_2                               and        1 that requirest it.
       0 dependencies has 	tesseract-data-3.04.00                            and        1 that requirest it.
       2 dependencies has 	tevent-0.9.37                                     and        2 that requirest it.
       8 dependencies has 	tex-aleph-1.15.2.1.r.4_4                          and        0 that requirest it.
       3 dependencies has 	tex-basic-engines-20150521                        and        1 that requirest it.
       8 dependencies has 	tex-dvipdfmx-20150315_1                           and        1 that requirest it.
       5 dependencies has 	tex-dvipsk-5.995_1                                and        3 that requirest it.
       3 dependencies has 	tex-formats-20150521_2                            and        7 that requirest it.
       3 dependencies has 	tex-jadetex-3.13_3                                and        0 that requirest it.
       1 dependencies has 	tex-kpathsea-6.2.1_1                              and       12 that requirest it.
       0 dependencies has 	tex-libtexlua-5.2.4                               and        1 that requirest it.
       0 dependencies has 	tex-libtexluajit-2.0.3                            and        1 that requirest it.
      12 dependencies has 	tex-luatex-0.80.0_9                               and        1 that requirest it.
       1 dependencies has 	tex-ptexenc-1.3.3_2                               and        3 that requirest it.
       9 dependencies has 	tex-web2c-20150521_2                              and       10 that requirest it.
      14 dependencies has 	tex-xdvik-22.87_4                                 and        0 that requirest it.
      15 dependencies has 	tex-xetex-0.99992_18                              and        0 that requirest it.
       2 dependencies has 	tex-xmltex-1.9_2                                  and        1 that requirest it.
       3 dependencies has 	texi2html-5.0_1,1                                 and        0 that requirest it.
      22 dependencies has 	texlive-base-20150521_28                          and        2 that requirest it.
       3 dependencies has 	texlive-texmf-20150523_4                          and       10 that requirest it.
       2 dependencies has 	texlive-tlmgr-20150523_2                          and        2 that requirest it.
       0 dependencies has 	tidy-lib-090315.c_3                               and        1 that requirest it.
       1 dependencies has 	tmake-2.12                                        and        0 that requirest it.
       6 dependencies has 	twm-1.0.10                                        and        0 that requirest it.
       4 dependencies has 	twolame-0.3.13_4                                  and        1 that requirest it.
       6 dependencies has 	unique-1.1.6_7                                    and        0 that requirest it.
       5 dependencies has 	upower-0.99.4                                     and        1 that requirest it.
       3 dependencies has 	vala-0.36.15_1,1                                  and        0 that requirest it.
      48 dependencies has 	vlc-2.2.8_11,4                                    and        0 that requirest it.
       3 dependencies has 	w3m-0.5.3.20180520_1                              and        1 that requirest it.
       0 dependencies has 	wallpapers-freebsd-kde4-1.0_1                     and        0 that requirest it.
       4 dependencies has 	wayland-1.14.0                                    and        5 that requirest it.
       3 dependencies has 	webcamd-4.17.0.3                                  and        1 that requirest it.
      32 dependencies has 	webkit-gtk2-2.4.11_17                             and        0 that requirest it.
      41 dependencies has 	webkit2-gtk3-2.20.3_2                             and        0 that requirest it.
       0 dependencies has 	wmicons-1.0_2                                     and        0 that requirest it.
       1 dependencies has 	woff2-1.0.2_2                                     and        1 that requirest it.
       5 dependencies has 	x11perf-1.6.0                                     and        0 that requirest it.
       4 dependencies has 	x264-0.155.2917_3                                 and        0 that requirest it.
       0 dependencies has 	xapian-core-1.4.7_1,1                             and        3 that requirest it.
       4 dependencies has 	xauth-1.0.10                                      and        0 that requirest it.
       5 dependencies has 	xbacklight-1.2.2                                  and        0 that requirest it.
       0 dependencies has 	xbitmaps-1.1.2                                    and        4 that requirest it.
       6 dependencies has 	xcalc-1.0.6_2                                     and        0 that requirest it.
       1 dependencies has 	xcb-proto-1.13                                    and        0 that requirest it.
       4 dependencies has 	xcb-util-cursor-0.1.3                             and        2 that requirest it.
       5 dependencies has 	xclock-1.0.7_2                                    and        0 that requirest it.
       1 dependencies has 	xcmsdb-1.0.5                                      and        0 that requirest it.
       4 dependencies has 	xconsole-1.0.7_1                                  and        0 that requirest it.
       0 dependencies has 	xcursor-themes-1.0.5_2                            and        0 that requirest it.
       3 dependencies has 	xcursorgen-1.0.6_3                                and        0 that requirest it.
      11 dependencies has 	xdpyinfo-1.3.2_2                                  and        0 that requirest it.
       0 dependencies has 	xerces-c3-3.2.0_2                                 and        2 that requirest it.
       2 dependencies has 	xev-1.2.2                                         and        0 that requirest it.
       5 dependencies has 	xf86-input-evdev-2.10.6_2                         and        1 that requirest it.
       3 dependencies has 	xf86-input-libinput-0.25.0_2                      and        1 that requirest it.
       4 dependencies has 	xf86-input-synaptics-1.9.1_2                      and        1 that requirest it.
       5 dependencies has 	xf86dga-1.0.3_1                                   and        0 that requirest it.
       2 dependencies has 	xgamma-1.0.6                                      and        0 that requirest it.
       2 dependencies has 	xgc-1.0.5                                         and        0 that requirest it.
       3 dependencies has 	xhost-1.0.7                                       and        0 that requirest it.
       1 dependencies has 	xinit-1.4.0,1                                     and        0 that requirest it.
       5 dependencies has 	xinput-1.6.2_2                                    and        0 that requirest it.
       2 dependencies has 	xkbevd-1.1.4                                      and        0 that requirest it.
       3 dependencies has 	xkbutils-1.0.4_2                                  and        0 that requirest it.
       2 dependencies has 	xkill-1.0.5                                       and        0 that requirest it.
       2 dependencies has 	xlsatoms-1.1.2                                    and        0 that requirest it.
       3 dependencies has 	xlsclients-1.1.4                                  and        0 that requirest it.
       8 dependencies has 	xmlto-0.0.28                                      and        0 that requirest it.
       1 dependencies has 	xmodmap-1.0.9                                     and        0 that requirest it.
       0 dependencies has 	xorg-docs-1.7.1,1                                 and        0 that requirest it.
       6 dependencies has 	xorg-fonts-100dpi-7.7                             and        1 that requirest it.
       8 dependencies has 	xorg-fonts-7.7_1                                  and        0 that requirest it.
       6 dependencies has 	xorg-fonts-75dpi-7.7                              and        1 that requirest it.
       5 dependencies has 	xorg-fonts-cyrillic-7.7                           and        1 that requirest it.
      13 dependencies has 	xorg-fonts-miscbitmaps-7.7                        and        1 that requirest it.
       6 dependencies has 	xorg-fonts-type1-7.7                              and        1 that requirest it.
      40 dependencies has 	xorg-libraries-7.7_2                              and        0 that requirest it.
       0 dependencies has 	xorg-macros-1.19.2                                and        0 that requirest it.
       2 dependencies has 	xpdfopen-0.86                                     and        1 that requirest it.
       2 dependencies has 	xpr-1.0.5                                         and        0 that requirest it.
       3 dependencies has 	xrandr-1.5.0                                      and        0 that requirest it.
       2 dependencies has 	xrdb-1.1.1                                        and        0 that requirest it.
       1 dependencies has 	xrefresh-1.0.6                                    and        0 that requirest it.
       2 dependencies has 	xsetmode-1.0.0                                    and        0 that requirest it.
       4 dependencies has 	xsetroot-1.1.2                                    and        1 that requirest it.
       9 dependencies has 	xterm-337                                         and        0 that requirest it.
       0 dependencies has 	xtrans-1.3.5                                      and        1 that requirest it.
       2 dependencies has 	xvinfo-1.1.3                                      and        0 that requirest it.
      19 dependencies has 	xwayland-1.19.1_10,1                              and        1 that requirest it.
       2 dependencies has 	xwd-1.0.7                                         and        0 that requirest it.
       2 dependencies has 	xwininfo-1.1.4_2                                  and        0 that requirest it.
       1 dependencies has 	xwud-1.0.5                                        and        0 that requirest it.
       1 dependencies has 	yasm-1.3.0                                        and        0 that requirest it.
       2 dependencies has 	zxing-cpp-0.20180320                              and        1 that requirest it.
       0 dependencies has 	zziplib-0.13.69_1                                 and        3 that requirest it.
