Filesystem                       Size    Used   Avail Capacity  Mounted on
vnxsystem/ROOT/default           205G     54G    151G    26%    /
devfs                            1.0K    1.0K      0B   100%    /dev
procfs                           4.0K    4.0K      0B   100%    /proc
fdescfs                          1.0K    1.0K      0B   100%    /dev/fd
linprocfs                        4.0K    4.0K      0B   100%    /usr/compat/linux/proc
vnxsystem/usr/obj                156G    5.5G    151G     4%    /usr/obj
vnxsystem/usr/ports              151G    347M    151G     0%    /usr/ports
vnxsystem/tmp                    151G     53M    151G     0%    /tmp
vnxsystem/var/audit              151G     23K    151G     0%    /var/audit
vnxsystem/usr/src                153G    1.6G    151G     1%    /usr/src
vnxsystem/usr/home               321G    170G    151G    53%    /usr/home
vnxsystem/var/mail               151G    128K    151G     0%    /var/mail
vnxsystem/var/crash              154G    2.8G    151G     2%    /var/crash
vnxsystem/var/log                151G    1.1M    151G     0%    /var/log
vnxsystem/var/tmp                151G    287M    151G     0%    /var/tmp
vnxsystem/usr/ports/distfiles    151G    375M    151G     0%    /usr/ports/distfiles
vnxsystem/usr/ports/packages     151G    8.6M    151G     0%    /usr/ports/packages
linprocfs                        4.0K    4.0K      0B   100%    /compat/linux/proc
linsysfs                         4.0K    4.0K      0B   100%    /compat/linux/sys
devfs                            1.0K    1.0K      0B   100%    /compat/linux/dev
fdescfs                          1.0K    1.0K      0B   100%    /compat/linux/dev/fd
tmpfs                             16G    4.0K     16G     0%    /compat/linux/dev/shm
