eclipse-cpp
font-anonymice-powerline
font-consolas-for-powerline
font-dejavu-sans-mono-for-powerline
font-droid-sans-mono-for-powerline
font-fira-mono-for-powerline
font-inconsolata-dz-for-powerline
font-inconsolata-for-powerline
font-inconsolata-for-powerline-bold
font-inconsolata-g-for-powerline
font-liberation-mono-for-powerline
font-menlo-for-powerline
font-meslo-for-powerline
font-monofur-for-powerline
font-noto-mono-for-powerline
font-powerline-symbols
font-roboto-mono-for-powerline
font-source-code-pro-for-powerline
font-ubuntu-mono-derivative-powerline
iterm2
keepassxc
yed
